{
  "stats": {
    "suites": 2,
    "tests": 6,
    "passes": 6,
    "pending": 0,
    "failures": 0,
    "start": "2017-11-07T12:14:57.435Z",
    "end": "2017-11-07T12:15:03.624Z",
    "duration": 6189,
    "testsRegistered": 6,
    "passPercent": 100,
    "pendingPercent": 0,
    "other": 0,
    "hasOther": false,
    "skipped": 0,
    "hasSkipped": false,
    "passPercentClass": "success",
    "pendingPercentClass": "danger"
  },
  "suites": {
    "title": "",
    "suites": [
      {
        "title": "Client Test Cases",
        "suites": [],
        "tests": [
          {
            "title": "Case to list users successfully - using expect",
            "fullTitle": "Client Test Cases Case to list users successfully - using expect",
            "timedOut": false,
            "duration": 1495,
            "state": "passed",
            "speed": "slow",
            "pass": true,
            "fail": false,
            "pending": false,
            "code": "console.log(\"--------TC-1----------\");\n    client.listUsers(testData.URL, testData.token,function(err,res){\n    console.log(\"\\n\\n----------err-------------\");\n    console.log(err);\n    expect(err).to.be.null;\n    expect(res).to.be.not.null;\n    expect(res.statusCode).to.equal(200);\n    expect(Array.isArray(res.body)).to.equal(true);\n    done();\n});",
            "err": {},
            "isRoot": false,
            "uuid": "4d7eba40-7e01-4bdd-bd25-b2a9283315ae",
            "parentUUID": "3dbc29d9-ed3a-4ab1-b115-00f1e6580146",
            "isHook": false,
            "skipped": false
          },
          {
            "title": "Case to list users successfully - using should",
            "fullTitle": "Client Test Cases Case to list users successfully - using should",
            "timedOut": false,
            "duration": 1124,
            "state": "passed",
            "speed": "slow",
            "pass": true,
            "fail": false,
            "pending": false,
            "code": "console.log(\"--------TC-2----------\");\n    client.listUsers(testData.URL, testData.token,function(err,res){\n    //err.should.be.null; -- ERROR - cannot read property should of null\n    should.equal(err,null);\n    should.not.exist(err);\n    res.should.be.not.null;\n    res.statusCode.should.equal(200);\n    Array.isArray(res.body).should.equal(true);\n    done();\n});",
            "err": {},
            "isRoot": false,
            "uuid": "530d760d-af65-4e62-a325-8fd91aecaa87",
            "parentUUID": "3dbc29d9-ed3a-4ab1-b115-00f1e6580146",
            "isHook": false,
            "skipped": false
          },
          {
            "title": "Case to list users successfully - using assert",
            "fullTitle": "Client Test Cases Case to list users successfully - using assert",
            "timedOut": false,
            "duration": 1131,
            "state": "passed",
            "speed": "slow",
            "pass": true,
            "fail": false,
            "pending": false,
            "code": "console.log(\"--------TC-3----------\");\nclient.listUsers(testData.URL, testData.token,function(err,res){\n    assert.isNull(err,'Expected err to be null, but its not null');\n    assert.isNotNull(res,'Expected non-null response, but got null');\n    assert.isArray(res.body,'Expected res.body to be Array but got'+typeof res.body);\n    done();\n});",
            "err": {},
            "isRoot": false,
            "uuid": "032f1f27-6815-4ba9-a493-f1639fbed095",
            "parentUUID": "3dbc29d9-ed3a-4ab1-b115-00f1e6580146",
            "isHook": false,
            "skipped": false
          },
          {
            "title": "Case to get error for invalid URL",
            "fullTitle": "Client Test Cases Case to get error for invalid URL",
            "timedOut": false,
            "duration": 1100,
            "state": "passed",
            "speed": "slow",
            "pass": true,
            "fail": false,
            "pending": false,
            "code": "console.log(\"--------TC-4----------\");\nclient.listUsers(\"invalid\", testData.token,function(err,res){  \n//expect(err.statusCode).to.equal(400);\nassert.isNotNull(err,'Expected error, but got null');\nassert.equal(err.statusCode,500,'Expected statusCode 500 but got '+err.statusCode);\nassert.equal(err.error,'unknown_method','Expected error unknown_method but got '+err.error);\ndone();\n});",
            "err": {},
            "isRoot": false,
            "uuid": "4a3f5ccc-06ff-4a85-aa7d-77275c602d52",
            "parentUUID": "3dbc29d9-ed3a-4ab1-b115-00f1e6580146",
            "isHook": false,
            "skipped": false
          }
        ],
        "pending": [],
        "root": false,
        "_timeout": 2000,
        "file": "\\test\\client-test.js",
        "uuid": "3dbc29d9-ed3a-4ab1-b115-00f1e6580146",
        "beforeHooks": [
          {
            "title": "\"before all\" hook",
            "fullTitle": "Client Test Cases \"before all\" hook",
            "timedOut": false,
            "duration": 0,
            "pass": false,
            "fail": false,
            "pending": false,
            "code": "console.log(\"---------in before---------\");\nif(!testData.URL)\n{\n    this.skip();\n}",
            "err": {},
            "isRoot": false,
            "uuid": "4983991a-1548-4673-8978-141869d90a58",
            "parentUUID": "3dbc29d9-ed3a-4ab1-b115-00f1e6580146",
            "isHook": true,
            "skipped": false
          }
        ],
        "afterHooks": [],
        "fullFile": "D:\\TRAINING\\Mocha-Sinon-Chai\\Session-Demo\\test\\client-test.js",
        "passes": [
          {
            "title": "Case to list users successfully - using expect",
            "fullTitle": "Client Test Cases Case to list users successfully - using expect",
            "timedOut": false,
            "duration": 1495,
            "state": "passed",
            "speed": "slow",
            "pass": true,
            "fail": false,
            "pending": false,
            "code": "console.log(\"--------TC-1----------\");\n    client.listUsers(testData.URL, testData.token,function(err,res){\n    console.log(\"\\n\\n----------err-------------\");\n    console.log(err);\n    expect(err).to.be.null;\n    expect(res).to.be.not.null;\n    expect(res.statusCode).to.equal(200);\n    expect(Array.isArray(res.body)).to.equal(true);\n    done();\n});",
            "err": {},
            "isRoot": false,
            "uuid": "4d7eba40-7e01-4bdd-bd25-b2a9283315ae",
            "parentUUID": "3dbc29d9-ed3a-4ab1-b115-00f1e6580146",
            "isHook": false,
            "skipped": false
          },
          {
            "title": "Case to list users successfully - using should",
            "fullTitle": "Client Test Cases Case to list users successfully - using should",
            "timedOut": false,
            "duration": 1124,
            "state": "passed",
            "speed": "slow",
            "pass": true,
            "fail": false,
            "pending": false,
            "code": "console.log(\"--------TC-2----------\");\n    client.listUsers(testData.URL, testData.token,function(err,res){\n    //err.should.be.null; -- ERROR - cannot read property should of null\n    should.equal(err,null);\n    should.not.exist(err);\n    res.should.be.not.null;\n    res.statusCode.should.equal(200);\n    Array.isArray(res.body).should.equal(true);\n    done();\n});",
            "err": {},
            "isRoot": false,
            "uuid": "530d760d-af65-4e62-a325-8fd91aecaa87",
            "parentUUID": "3dbc29d9-ed3a-4ab1-b115-00f1e6580146",
            "isHook": false,
            "skipped": false
          },
          {
            "title": "Case to list users successfully - using assert",
            "fullTitle": "Client Test Cases Case to list users successfully - using assert",
            "timedOut": false,
            "duration": 1131,
            "state": "passed",
            "speed": "slow",
            "pass": true,
            "fail": false,
            "pending": false,
            "code": "console.log(\"--------TC-3----------\");\nclient.listUsers(testData.URL, testData.token,function(err,res){\n    assert.isNull(err,'Expected err to be null, but its not null');\n    assert.isNotNull(res,'Expected non-null response, but got null');\n    assert.isArray(res.body,'Expected res.body to be Array but got'+typeof res.body);\n    done();\n});",
            "err": {},
            "isRoot": false,
            "uuid": "032f1f27-6815-4ba9-a493-f1639fbed095",
            "parentUUID": "3dbc29d9-ed3a-4ab1-b115-00f1e6580146",
            "isHook": false,
            "skipped": false
          },
          {
            "title": "Case to get error for invalid URL",
            "fullTitle": "Client Test Cases Case to get error for invalid URL",
            "timedOut": false,
            "duration": 1100,
            "state": "passed",
            "speed": "slow",
            "pass": true,
            "fail": false,
            "pending": false,
            "code": "console.log(\"--------TC-4----------\");\nclient.listUsers(\"invalid\", testData.token,function(err,res){  \n//expect(err.statusCode).to.equal(400);\nassert.isNotNull(err,'Expected error, but got null');\nassert.equal(err.statusCode,500,'Expected statusCode 500 but got '+err.statusCode);\nassert.equal(err.error,'unknown_method','Expected error unknown_method but got '+err.error);\ndone();\n});",
            "err": {},
            "isRoot": false,
            "uuid": "4a3f5ccc-06ff-4a85-aa7d-77275c602d52",
            "parentUUID": "3dbc29d9-ed3a-4ab1-b115-00f1e6580146",
            "isHook": false,
            "skipped": false
          }
        ],
        "failures": [],
        "skipped": [],
        "hasBeforeHooks": true,
        "hasAfterHooks": false,
        "hasTests": true,
        "hasSuites": false,
        "totalTests": 4,
        "totalPasses": 4,
        "totalFailures": 0,
        "totalPending": 0,
        "totalSkipped": 0,
        "hasPasses": true,
        "hasFailures": false,
        "hasPending": false,
        "hasSkipped": false,
        "duration": 4850,
        "rootEmpty": false
      },
      {
        "title": "Server Test Cases",
        "suites": [],
        "tests": [
          {
            "title": "#Success Case",
            "fullTitle": "Server Test Cases #Success Case",
            "timedOut": false,
            "duration": 1288,
            "state": "passed",
            "speed": "slow",
            "pass": true,
            "fail": false,
            "pending": false,
            "code": "var req = {\n    url: testData.URL,\n    method: 'POST',\n    body: {\n        'text': \"Hieeee\",\n        'channel': 'D7P4W5L9F',\n        'token': testData.token\n    },\n    json: true\n}\nrequest(req, function (err, res) {\n    console.log(\"\\n\\n\\n************ err- res **************\");\n    console.log(err);\n    console.log(res.body);\n    assert.isNull(err, 'Expected err to be null, but its not null');\n    assert.isNotNull(res, 'Expected non-null response, but got null');\n    assert.equal(res.statusCode, 200, 'Expected status 200 but got ' + res.statusCode);\n    assert.property(res.body.message, 'username', 'Property username is missing from response');\n    done();\n});",
            "err": {},
            "isRoot": false,
            "uuid": "40fef28c-6b63-4604-a77d-189fa94d71ed",
            "parentUUID": "24646365-4809-4771-9b9b-fe83dbb7fc80",
            "isHook": false,
            "skipped": false
          },
          {
            "title": "#Error Case - mandatory field missing",
            "fullTitle": "Server Test Cases #Error Case - mandatory field missing",
            "timedOut": false,
            "duration": 30,
            "state": "passed",
            "speed": "fast",
            "pass": true,
            "fail": false,
            "pending": false,
            "code": "var req = {\n    url: testData.URL,\n    method: 'POST',\n    body: {\n        'text': \"Hieeee\",\n        'token': testData.token\n    },\n    json: true\n}\nrequest(req, function (err, res) {\n    console.log(\"\\n\\n\\n************ err- res **************\");\n    console.log(err);\n    console.log(res.body);\n    assert.isNotNull(res, 'Expected non-null response, but got null');\n    assert.equal(res.statusCode, 400, 'Expected status 200 but got ' + res.statusCode);\n    assert.equal(res.body.error, 'Mandatory field missing', 'Expected mandatory field missing error but got '+res.body);\n    done();\n});",
            "err": {},
            "isRoot": false,
            "uuid": "1d2d9954-e98d-4ace-999c-3fc949941fc8",
            "parentUUID": "24646365-4809-4771-9b9b-fe83dbb7fc80",
            "isHook": false,
            "skipped": false
          }
        ],
        "pending": [],
        "root": false,
        "_timeout": 2000,
        "file": "\\test\\server-test.js",
        "uuid": "24646365-4809-4771-9b9b-fe83dbb7fc80",
        "beforeHooks": [
          {
            "title": "\"before all\" hook",
            "fullTitle": "Server Test Cases \"before all\" hook",
            "timedOut": false,
            "duration": 0,
            "pass": false,
            "fail": false,
            "pending": false,
            "code": "if (!(testData.URL && testData.token)) {\n    this.skip();\n}",
            "err": {},
            "isRoot": false,
            "uuid": "113bddad-550c-4e5e-8cb7-3366279a9b56",
            "parentUUID": "24646365-4809-4771-9b9b-fe83dbb7fc80",
            "isHook": true,
            "skipped": false
          }
        ],
        "afterHooks": [],
        "fullFile": "D:\\TRAINING\\Mocha-Sinon-Chai\\Session-Demo\\test\\server-test.js",
        "passes": [
          {
            "title": "#Success Case",
            "fullTitle": "Server Test Cases #Success Case",
            "timedOut": false,
            "duration": 1288,
            "state": "passed",
            "speed": "slow",
            "pass": true,
            "fail": false,
            "pending": false,
            "code": "var req = {\n    url: testData.URL,\n    method: 'POST',\n    body: {\n        'text': \"Hieeee\",\n        'channel': 'D7P4W5L9F',\n        'token': testData.token\n    },\n    json: true\n}\nrequest(req, function (err, res) {\n    console.log(\"\\n\\n\\n************ err- res **************\");\n    console.log(err);\n    console.log(res.body);\n    assert.isNull(err, 'Expected err to be null, but its not null');\n    assert.isNotNull(res, 'Expected non-null response, but got null');\n    assert.equal(res.statusCode, 200, 'Expected status 200 but got ' + res.statusCode);\n    assert.property(res.body.message, 'username', 'Property username is missing from response');\n    done();\n});",
            "err": {},
            "isRoot": false,
            "uuid": "40fef28c-6b63-4604-a77d-189fa94d71ed",
            "parentUUID": "24646365-4809-4771-9b9b-fe83dbb7fc80",
            "isHook": false,
            "skipped": false
          },
          {
            "title": "#Error Case - mandatory field missing",
            "fullTitle": "Server Test Cases #Error Case - mandatory field missing",
            "timedOut": false,
            "duration": 30,
            "state": "passed",
            "speed": "fast",
            "pass": true,
            "fail": false,
            "pending": false,
            "code": "var req = {\n    url: testData.URL,\n    method: 'POST',\n    body: {\n        'text': \"Hieeee\",\n        'token': testData.token\n    },\n    json: true\n}\nrequest(req, function (err, res) {\n    console.log(\"\\n\\n\\n************ err- res **************\");\n    console.log(err);\n    console.log(res.body);\n    assert.isNotNull(res, 'Expected non-null response, but got null');\n    assert.equal(res.statusCode, 400, 'Expected status 200 but got ' + res.statusCode);\n    assert.equal(res.body.error, 'Mandatory field missing', 'Expected mandatory field missing error but got '+res.body);\n    done();\n});",
            "err": {},
            "isRoot": false,
            "uuid": "1d2d9954-e98d-4ace-999c-3fc949941fc8",
            "parentUUID": "24646365-4809-4771-9b9b-fe83dbb7fc80",
            "isHook": false,
            "skipped": false
          }
        ],
        "failures": [],
        "skipped": [],
        "hasBeforeHooks": true,
        "hasAfterHooks": false,
        "hasTests": true,
        "hasSuites": false,
        "totalTests": 2,
        "totalPasses": 2,
        "totalFailures": 0,
        "totalPending": 0,
        "totalSkipped": 0,
        "hasPasses": true,
        "hasFailures": false,
        "hasPending": false,
        "hasSkipped": false,
        "duration": 1318,
        "rootEmpty": false
      }
    ],
    "tests": [],
    "pending": [],
    "root": true,
    "_timeout": 2000,
    "uuid": "e6f52206-5bee-44fe-95f8-34c531bcc0f8",
    "beforeHooks": [],
    "afterHooks": [],
    "fullFile": "",
    "file": "",
    "passes": [],
    "failures": [],
    "skipped": [],
    "hasBeforeHooks": false,
    "hasAfterHooks": false,
    "hasTests": false,
    "hasSuites": true,
    "totalTests": 0,
    "totalPasses": 0,
    "totalFailures": 0,
    "totalPending": 0,
    "totalSkipped": 0,
    "hasPasses": false,
    "hasFailures": false,
    "hasPending": false,
    "hasSkipped": false,
    "duration": 0,
    "rootEmpty": true
  },
  "allTests": [
    {
      "title": "Case to list users successfully - using expect",
      "fullTitle": "Client Test Cases Case to list users successfully - using expect",
      "timedOut": false,
      "duration": 1495,
      "state": "passed",
      "speed": "slow",
      "pass": true,
      "fail": false,
      "pending": false,
      "code": "console.log(\"--------TC-1----------\");\n    client.listUsers(testData.URL, testData.token,function(err,res){\n    console.log(\"\\n\\n----------err-------------\");\n    console.log(err);\n    expect(err).to.be.null;\n    expect(res).to.be.not.null;\n    expect(res.statusCode).to.equal(200);\n    expect(Array.isArray(res.body)).to.equal(true);\n    done();\n});",
      "err": {},
      "isRoot": false,
      "uuid": "4d7eba40-7e01-4bdd-bd25-b2a9283315ae",
      "parentUUID": "3dbc29d9-ed3a-4ab1-b115-00f1e6580146",
      "isHook": false,
      "skipped": false
    },
    {
      "title": "Case to list users successfully - using should",
      "fullTitle": "Client Test Cases Case to list users successfully - using should",
      "timedOut": false,
      "duration": 1124,
      "state": "passed",
      "speed": "slow",
      "pass": true,
      "fail": false,
      "pending": false,
      "code": "console.log(\"--------TC-2----------\");\n    client.listUsers(testData.URL, testData.token,function(err,res){\n    //err.should.be.null; -- ERROR - cannot read property should of null\n    should.equal(err,null);\n    should.not.exist(err);\n    res.should.be.not.null;\n    res.statusCode.should.equal(200);\n    Array.isArray(res.body).should.equal(true);\n    done();\n});",
      "err": {},
      "isRoot": false,
      "uuid": "530d760d-af65-4e62-a325-8fd91aecaa87",
      "parentUUID": "3dbc29d9-ed3a-4ab1-b115-00f1e6580146",
      "isHook": false,
      "skipped": false
    },
    {
      "title": "Case to list users successfully - using assert",
      "fullTitle": "Client Test Cases Case to list users successfully - using assert",
      "timedOut": false,
      "duration": 1131,
      "state": "passed",
      "speed": "slow",
      "pass": true,
      "fail": false,
      "pending": false,
      "code": "console.log(\"--------TC-3----------\");\nclient.listUsers(testData.URL, testData.token,function(err,res){\n    assert.isNull(err,'Expected err to be null, but its not null');\n    assert.isNotNull(res,'Expected non-null response, but got null');\n    assert.isArray(res.body,'Expected res.body to be Array but got'+typeof res.body);\n    done();\n});",
      "err": {},
      "isRoot": false,
      "uuid": "032f1f27-6815-4ba9-a493-f1639fbed095",
      "parentUUID": "3dbc29d9-ed3a-4ab1-b115-00f1e6580146",
      "isHook": false,
      "skipped": false
    },
    {
      "title": "Case to get error for invalid URL",
      "fullTitle": "Client Test Cases Case to get error for invalid URL",
      "timedOut": false,
      "duration": 1100,
      "state": "passed",
      "speed": "slow",
      "pass": true,
      "fail": false,
      "pending": false,
      "code": "console.log(\"--------TC-4----------\");\nclient.listUsers(\"invalid\", testData.token,function(err,res){  \n//expect(err.statusCode).to.equal(400);\nassert.isNotNull(err,'Expected error, but got null');\nassert.equal(err.statusCode,500,'Expected statusCode 500 but got '+err.statusCode);\nassert.equal(err.error,'unknown_method','Expected error unknown_method but got '+err.error);\ndone();\n});",
      "err": {},
      "isRoot": false,
      "uuid": "4a3f5ccc-06ff-4a85-aa7d-77275c602d52",
      "parentUUID": "3dbc29d9-ed3a-4ab1-b115-00f1e6580146",
      "isHook": false,
      "skipped": false
    },
    {
      "title": "#Success Case",
      "fullTitle": "Server Test Cases #Success Case",
      "timedOut": false,
      "duration": 1288,
      "state": "passed",
      "speed": "slow",
      "pass": true,
      "fail": false,
      "pending": false,
      "code": "var req = {\n    url: testData.URL,\n    method: 'POST',\n    body: {\n        'text': \"Hieeee\",\n        'channel': 'D7P4W5L9F',\n        'token': testData.token\n    },\n    json: true\n}\nrequest(req, function (err, res) {\n    console.log(\"\\n\\n\\n************ err- res **************\");\n    console.log(err);\n    console.log(res.body);\n    assert.isNull(err, 'Expected err to be null, but its not null');\n    assert.isNotNull(res, 'Expected non-null response, but got null');\n    assert.equal(res.statusCode, 200, 'Expected status 200 but got ' + res.statusCode);\n    assert.property(res.body.message, 'username', 'Property username is missing from response');\n    done();\n});",
      "err": {},
      "isRoot": false,
      "uuid": "40fef28c-6b63-4604-a77d-189fa94d71ed",
      "parentUUID": "24646365-4809-4771-9b9b-fe83dbb7fc80",
      "isHook": false,
      "skipped": false
    },
    {
      "title": "#Error Case - mandatory field missing",
      "fullTitle": "Server Test Cases #Error Case - mandatory field missing",
      "timedOut": false,
      "duration": 30,
      "state": "passed",
      "speed": "fast",
      "pass": true,
      "fail": false,
      "pending": false,
      "code": "var req = {\n    url: testData.URL,\n    method: 'POST',\n    body: {\n        'text': \"Hieeee\",\n        'token': testData.token\n    },\n    json: true\n}\nrequest(req, function (err, res) {\n    console.log(\"\\n\\n\\n************ err- res **************\");\n    console.log(err);\n    console.log(res.body);\n    assert.isNotNull(res, 'Expected non-null response, but got null');\n    assert.equal(res.statusCode, 400, 'Expected status 200 but got ' + res.statusCode);\n    assert.equal(res.body.error, 'Mandatory field missing', 'Expected mandatory field missing error but got '+res.body);\n    done();\n});",
      "err": {},
      "isRoot": false,
      "uuid": "1d2d9954-e98d-4ace-999c-3fc949941fc8",
      "parentUUID": "24646365-4809-4771-9b9b-fe83dbb7fc80",
      "isHook": false,
      "skipped": false
    }
  ],
  "allPending": [],
  "allPasses": [
    {
      "title": "Case to list users successfully - using expect",
      "fullTitle": "Client Test Cases Case to list users successfully - using expect",
      "timedOut": false,
      "duration": 1495,
      "state": "passed",
      "speed": "slow",
      "pass": true,
      "fail": false,
      "pending": false,
      "code": "console.log(\"--------TC-1----------\");\n    client.listUsers(testData.URL, testData.token,function(err,res){\n    console.log(\"\\n\\n----------err-------------\");\n    console.log(err);\n    expect(err).to.be.null;\n    expect(res).to.be.not.null;\n    expect(res.statusCode).to.equal(200);\n    expect(Array.isArray(res.body)).to.equal(true);\n    done();\n});",
      "err": {},
      "isRoot": false,
      "uuid": "4d7eba40-7e01-4bdd-bd25-b2a9283315ae",
      "parentUUID": "3dbc29d9-ed3a-4ab1-b115-00f1e6580146",
      "isHook": false,
      "skipped": false
    },
    {
      "title": "Case to list users successfully - using should",
      "fullTitle": "Client Test Cases Case to list users successfully - using should",
      "timedOut": false,
      "duration": 1124,
      "state": "passed",
      "speed": "slow",
      "pass": true,
      "fail": false,
      "pending": false,
      "code": "console.log(\"--------TC-2----------\");\n    client.listUsers(testData.URL, testData.token,function(err,res){\n    //err.should.be.null; -- ERROR - cannot read property should of null\n    should.equal(err,null);\n    should.not.exist(err);\n    res.should.be.not.null;\n    res.statusCode.should.equal(200);\n    Array.isArray(res.body).should.equal(true);\n    done();\n});",
      "err": {},
      "isRoot": false,
      "uuid": "530d760d-af65-4e62-a325-8fd91aecaa87",
      "parentUUID": "3dbc29d9-ed3a-4ab1-b115-00f1e6580146",
      "isHook": false,
      "skipped": false
    },
    {
      "title": "Case to list users successfully - using assert",
      "fullTitle": "Client Test Cases Case to list users successfully - using assert",
      "timedOut": false,
      "duration": 1131,
      "state": "passed",
      "speed": "slow",
      "pass": true,
      "fail": false,
      "pending": false,
      "code": "console.log(\"--------TC-3----------\");\nclient.listUsers(testData.URL, testData.token,function(err,res){\n    assert.isNull(err,'Expected err to be null, but its not null');\n    assert.isNotNull(res,'Expected non-null response, but got null');\n    assert.isArray(res.body,'Expected res.body to be Array but got'+typeof res.body);\n    done();\n});",
      "err": {},
      "isRoot": false,
      "uuid": "032f1f27-6815-4ba9-a493-f1639fbed095",
      "parentUUID": "3dbc29d9-ed3a-4ab1-b115-00f1e6580146",
      "isHook": false,
      "skipped": false
    },
    {
      "title": "Case to get error for invalid URL",
      "fullTitle": "Client Test Cases Case to get error for invalid URL",
      "timedOut": false,
      "duration": 1100,
      "state": "passed",
      "speed": "slow",
      "pass": true,
      "fail": false,
      "pending": false,
      "code": "console.log(\"--------TC-4----------\");\nclient.listUsers(\"invalid\", testData.token,function(err,res){  \n//expect(err.statusCode).to.equal(400);\nassert.isNotNull(err,'Expected error, but got null');\nassert.equal(err.statusCode,500,'Expected statusCode 500 but got '+err.statusCode);\nassert.equal(err.error,'unknown_method','Expected error unknown_method but got '+err.error);\ndone();\n});",
      "err": {},
      "isRoot": false,
      "uuid": "4a3f5ccc-06ff-4a85-aa7d-77275c602d52",
      "parentUUID": "3dbc29d9-ed3a-4ab1-b115-00f1e6580146",
      "isHook": false,
      "skipped": false
    },
    {
      "title": "#Success Case",
      "fullTitle": "Server Test Cases #Success Case",
      "timedOut": false,
      "duration": 1288,
      "state": "passed",
      "speed": "slow",
      "pass": true,
      "fail": false,
      "pending": false,
      "code": "var req = {\n    url: testData.URL,\n    method: 'POST',\n    body: {\n        'text': \"Hieeee\",\n        'channel': 'D7P4W5L9F',\n        'token': testData.token\n    },\n    json: true\n}\nrequest(req, function (err, res) {\n    console.log(\"\\n\\n\\n************ err- res **************\");\n    console.log(err);\n    console.log(res.body);\n    assert.isNull(err, 'Expected err to be null, but its not null');\n    assert.isNotNull(res, 'Expected non-null response, but got null');\n    assert.equal(res.statusCode, 200, 'Expected status 200 but got ' + res.statusCode);\n    assert.property(res.body.message, 'username', 'Property username is missing from response');\n    done();\n});",
      "err": {},
      "isRoot": false,
      "uuid": "40fef28c-6b63-4604-a77d-189fa94d71ed",
      "parentUUID": "24646365-4809-4771-9b9b-fe83dbb7fc80",
      "isHook": false,
      "skipped": false
    },
    {
      "title": "#Error Case - mandatory field missing",
      "fullTitle": "Server Test Cases #Error Case - mandatory field missing",
      "timedOut": false,
      "duration": 30,
      "state": "passed",
      "speed": "fast",
      "pass": true,
      "fail": false,
      "pending": false,
      "code": "var req = {\n    url: testData.URL,\n    method: 'POST',\n    body: {\n        'text': \"Hieeee\",\n        'token': testData.token\n    },\n    json: true\n}\nrequest(req, function (err, res) {\n    console.log(\"\\n\\n\\n************ err- res **************\");\n    console.log(err);\n    console.log(res.body);\n    assert.isNotNull(res, 'Expected non-null response, but got null');\n    assert.equal(res.statusCode, 400, 'Expected status 200 but got ' + res.statusCode);\n    assert.equal(res.body.error, 'Mandatory field missing', 'Expected mandatory field missing error but got '+res.body);\n    done();\n});",
      "err": {},
      "isRoot": false,
      "uuid": "1d2d9954-e98d-4ace-999c-3fc949941fc8",
      "parentUUID": "24646365-4809-4771-9b9b-fe83dbb7fc80",
      "isHook": false,
      "skipped": false
    }
  ],
  "allFailures": [],
  "copyrightYear": 2017
}